<?xml version="1.0" encoding="UTF-8"?>
<!-- Generated by org.testng.reporters.JUnitXMLReporter -->
<testsuite ignored="0" hostname="DESKTOP-PGOBIND" failures="0" tests="4" name="Default test" time="81.553" errors="0" timestamp="2022-10-07T14:15:25 IST">
  <testcase classname="technicalAssessmentOA.technicalAssessmentOA.MyStore" name="TC_001_NavigateToHomepage" time="15.269"/>
  <testcase classname="technicalAssessmentOA.technicalAssessmentOA.MyStore" name="TC_002_SearchItem" time="18.802"/>
  <testcase classname="technicalAssessmentOA.technicalAssessmentOA.MyStore" name="TC_003_filterSearch" time="20.771"/>
  <testcase classname="technicalAssessmentOA.technicalAssessmentOA.MyStore" name="TC_004_Addtocart" time="26.596"/>
</testsuite> <!-- Default test -->
