<?xml version="1.0" encoding="UTF-8"?>
<testng-results ignored="0" total="4" passed="4" failed="0" skipped="0">
  <reporter-output>
  </reporter-output>
  <suite started-at="2022-10-07T14:14:03 IST" name="Default suite" finished-at="2022-10-07T14:15:25 IST" duration-ms="81553">
    <groups>
    </groups>
    <test started-at="2022-10-07T14:14:03 IST" name="Default test" finished-at="2022-10-07T14:15:25 IST" duration-ms="81553">
      <class name="technicalAssessmentOA.technicalAssessmentOA.MyStore">
        <test-method signature="TC_001_NavigateToHomepage()[pri:1, instance:technicalAssessmentOA.technicalAssessmentOA.MyStore@5876a9af]" started-at="2022-10-07T14:14:03 IST" name="TC_001_NavigateToHomepage" finished-at="2022-10-07T14:14:19 IST" duration-ms="15269" status="PASS">
          <reporter-output>
          </reporter-output>
        </test-method> <!-- TC_001_NavigateToHomepage -->
        <test-method signature="TC_002_SearchItem()[pri:2, instance:technicalAssessmentOA.technicalAssessmentOA.MyStore@5876a9af]" started-at="2022-10-07T14:14:19 IST" name="TC_002_SearchItem" finished-at="2022-10-07T14:14:38 IST" duration-ms="18802" status="PASS">
          <reporter-output>
          </reporter-output>
        </test-method> <!-- TC_002_SearchItem -->
        <test-method signature="TC_003_filterSearch()[pri:3, instance:technicalAssessmentOA.technicalAssessmentOA.MyStore@5876a9af]" started-at="2022-10-07T14:14:38 IST" name="TC_003_filterSearch" finished-at="2022-10-07T14:14:58 IST" duration-ms="20771" status="PASS">
          <reporter-output>
          </reporter-output>
        </test-method> <!-- TC_003_filterSearch -->
        <test-method signature="TC_004_Addtocart()[pri:4, instance:technicalAssessmentOA.technicalAssessmentOA.MyStore@5876a9af]" started-at="2022-10-07T14:14:58 IST" name="TC_004_Addtocart" finished-at="2022-10-07T14:15:25 IST" duration-ms="26596" status="PASS">
          <reporter-output>
          </reporter-output>
        </test-method> <!-- TC_004_Addtocart -->
      </class> <!-- technicalAssessmentOA.technicalAssessmentOA.MyStore -->
    </test> <!-- Default test -->
  </suite> <!-- Default suite -->
</testng-results>
